Receiver Thread Message Received
*********************************************
MID-0
Type-0 ;Read Broadcast Request
S:-2R:-1
Content-
FName-file0 FVersion-0
*********************************************

Receiver Thread Message Received
*********************************************
MID-0
Type-10 ;Write Broadcast Request
S:-2R:-1
Content-
FName-file1 FVersion-0
*********************************************

Receiver Thread Message Received
*********************************************
MID-0
Type-0 ;Read Broadcast Request
S:-2R:-1
Content-
FName-file2 FVersion-0
*********************************************

Receiver Thread Message Received
*********************************************
MID-0
Type-1 ;Read Reply Yes quorum wieght
S:-2R:-1
Content-4
FName-file0 FVersion-0
*********************************************

Receiver Thread Message Received
*********************************************
MID-0
Type-1 ;Read Reply Yes quorum wieght
S:-2R:-1
Content-4
FName-file2 FVersion-0
*********************************************

Receiver Thread Message Received
*********************************************
MID-0
Type-12 ;Write Reply No
S:-2R:-1
Content-0
FName-file1 FVersion-0
*********************************************

Receiver Thread Message Received
*********************************************
MID-0
Type-0 ;Read Broadcast Request
S:-2R:-1
Content-
FName-file0 FVersion-0
*********************************************

Receiver Thread Message Received
*********************************************
MID-0
Type-10 ;Write Broadcast Request
S:-2R:-1
Content-
FName-file1 FVersion-0
*********************************************

Receiver Thread Message Received
*********************************************
MID-0
Type-0 ;Read Broadcast Request
S:-2R:-1
Content-
FName-file2 FVersion-0
*********************************************

Receiver Thread Message Received
*********************************************
MID-0
Type-1 ;Read Reply Yes quorum wieght
S:-2R:-1
Content-4
FName-file0 FVersion-0
*********************************************

Receiver Thread Message Received
*********************************************
MID-0
Type-12 ;Write Reply No
S:-2R:-1
Content-0
FName-file1 FVersion-0
*********************************************

Receiver Thread Message Received
*********************************************
MID-0
Type-1 ;Read Reply Yes quorum wieght
S:-2R:-1
Content-4
FName-file2 FVersion-0
*********************************************

